# JRE version: OpenJDK Runtime Environment (8.0_242-b01) (build 1.8.0_242-release-1644-b01)
# Java VM: OpenJDK 64-Bit Server VM (25.242-b01 mixed mode windows-amd64 compressed oops)
Heap:
 PSYoungGen      total 356352K, used 22703K [0x00000000d5580000, 0x00000000ecc80000, 0x0000000100000000)
  eden space 329728K, 2% used [0x00000000d5580000,0x00000000d5c496e8,0x00000000e9780000)
  from space 26624K, 59% used [0x00000000e9880000,0x00000000ea7e27b0,0x00000000eb280000)
  to   space 19456K, 0% used [0x00000000eb980000,0x00000000eb980000,0x00000000ecc80000)
 ParOldGen       total 99840K, used 80956K [0x0000000080000000, 0x0000000086180000, 0x00000000d5580000)
  object space 99840K, 81% used [0x0000000080000000,0x0000000084f0f130,0x0000000086180000)
 Metaspace       used 92009K, capacity 96722K, committed 96920K, reserved 1132544K
  class space    used 12040K, capacity 12940K, committed 12976K, reserved 1048576K
GC Heap History (10 events):
Event: 30.929 GC heap before
{Heap before GC invocations=16 (full 3):
 PSYoungGen      total 271872K, used 251392K [0x00000000d5580000, 0x00000000e7d00000, 0x0000000100000000)
  eden space 251392K, 100% used [0x00000000d5580000,0x00000000e4b00000,0x00000000e4b00000)
  from space 20480K, 0% used [0x00000000e5f00000,0x00000000e5f00000,0x00000000e7300000)
  to   space 20480K, 0% used [0x00000000e4b00000,0x00000000e4b00000,0x00000000e5f00000)
 ParOldGen       total 99840K, used 32133K [0x0000000080000000, 0x0000000086180000, 0x00000000d5580000)
  object space 99840K, 32% used [0x0000000080000000,0x0000000081f61630,0x0000000086180000)
 Metaspace       used 67754K, capacity 70838K, committed 71064K, reserved 1110016K
  class space    used 9229K, capacity 9848K, committed 9904K, reserved 1048576K
Event: 30.974 GC heap after
Heap after GC invocations=16 (full 3):
 PSYoungGen      total 271872K, used 20479K [0x00000000d5580000, 0x00000000ed180000, 0x0000000100000000)
  eden space 251392K, 0% used [0x00000000d5580000,0x00000000d5580000,0x00000000e4b00000)
  from space 20480K, 99% used [0x00000000e4b00000,0x00000000e5efff48,0x00000000e5f00000)
  to   space 24576K, 0% used [0x00000000eb980000,0x00000000eb980000,0x00000000ed180000)
 ParOldGen       total 99840K, used 34480K [0x0000000080000000, 0x0000000086180000, 0x00000000d5580000)
  object space 99840K, 34% used [0x0000000080000000,0x00000000821ac208,0x0000000086180000)
 Metaspace       used 67754K, capacity 70838K, committed 71064K, reserved 1110016K
  class space    used 9229K, capacity 9848K, committed 9904K, reserved 1048576K
}
Event: 68.608 GC heap before
{Heap before GC invocations=17 (full 3):
 PSYoungGen      total 271872K, used 271871K [0x00000000d5580000, 0x00000000ed180000, 0x0000000100000000)
  eden space 251392K, 100% used [0x00000000d5580000,0x00000000e4b00000,0x00000000e4b00000)
  from space 20480K, 99% used [0x00000000e4b00000,0x00000000e5efff48,0x00000000e5f00000)
  to   space 24576K, 0% used [0x00000000eb980000,0x00000000eb980000,0x00000000ed180000)
 ParOldGen       total 99840K, used 34480K [0x0000000080000000, 0x0000000086180000, 0x00000000d5580000)
  object space 99840K, 34% used [0x0000000080000000,0x00000000821ac208,0x0000000086180000)
 Metaspace       used 77260K, capacity 80596K, committed 80792K, reserved 1120256K
  class space    used 10316K, capacity 10921K, committed 10928K, reserved 1048576K
Event: 68.672 GC heap after
Heap after GC invocations=17 (full 3):
 PSYoungGen      total 349184K, used 19169K [0x00000000d5580000, 0x00000000ecc80000, 0x0000000100000000)
  eden space 329728K, 0% used [0x00000000d5580000,0x00000000d5580000,0x00000000e9780000)
  from space 19456K, 98% used [0x00000000eb980000,0x00000000ecc386d8,0x00000000ecc80000)
  to   space 26624K, 0% used [0x00000000e9880000,0x00000000e9880000,0x00000000eb280000)
 ParOldGen       total 99840K, used 48145K [0x0000000080000000, 0x0000000086180000, 0x00000000d5580000)
  object space 99840K, 48% used [0x0000000080000000,0x0000000082f04678,0x0000000086180000)
 Metaspace       used 77260K, capacity 80596K, committed 80792K, reserved 1120256K
  class space    used 10316K, capacity 10921K, committed 10928K, reserved 1048576K
}
Event: 152.893 GC heap before
{Heap before GC invocations=18 (full 3):
 PSYoungGen      total 349184K, used 348897K [0x00000000d5580000, 0x00000000ecc80000, 0x0000000100000000)
  eden space 329728K, 100% used [0x00000000d5580000,0x00000000e9780000,0x00000000e9780000)
  from space 19456K, 98% used [0x00000000eb980000,0x00000000ecc386d8,0x00000000ecc80000)
  to   space 26624K, 0% used [0x00000000e9880000,0x00000000e9880000,0x00000000eb280000)
 ParOldGen       total 99840K, used 48145K [0x0000000080000000, 0x0000000086180000, 0x00000000d5580000)
  object space 99840K, 48% used [0x0000000080000000,0x0000000082f04678,0x0000000086180000)
 Metaspace       used 78271K, capacity 81670K, committed 81944K, reserved 1120256K
  class space    used 10339K, capacity 10956K, committed 11056K, reserved 1048576K
Event: 152.942 GC heap after
Heap after GC invocations=18 (full 3):
 PSYoungGen      total 356352K, used 9632K [0x00000000d5580000, 0x00000000ecc80000, 0x0000000100000000)
  eden space 329728K, 0% used [0x00000000d5580000,0x00000000d5580000,0x00000000e9780000)
  from space 26624K, 36% used [0x00000000e9880000,0x00000000ea1e8000,0x00000000eb280000)
  to   space 19456K, 0% used [0x00000000eb980000,0x00000000eb980000,0x00000000ecc80000)
 ParOldGen       total 99840K, used 56956K [0x0000000080000000, 0x0000000086180000, 0x00000000d5580000)
  object space 99840K, 57% used [0x0000000080000000,0x000000008379f378,0x0000000086180000)
 Metaspace       used 78271K, capacity 81670K, committed 81944K, reserved 1120256K
  class space    used 10339K, capacity 10956K, committed 11056K, reserved 1048576K
}
Event: 209.668 GC heap before
{Heap before GC invocations=19 (full 3):
 PSYoungGen      total 356352K, used 339360K [0x00000000d5580000, 0x00000000ecc80000, 0x0000000100000000)
  eden space 329728K, 100% used [0x00000000d5580000,0x00000000e9780000,0x00000000e9780000)
  from space 26624K, 36% used [0x00000000e9880000,0x00000000ea1e8000,0x00000000eb280000)
  to   space 19456K, 0% used [0x00000000eb980000,0x00000000eb980000,0x00000000ecc80000)
 ParOldGen       total 99840K, used 56956K [0x0000000080000000, 0x0000000086180000, 0x00000000d5580000)
  object space 99840K, 57% used [0x0000000080000000,0x000000008379f378,0x0000000086180000)
 Metaspace       used 89535K, capacity 93768K, committed 94104K, reserved 1130496K
  class space    used 11748K, capacity 12599K, committed 12720K, reserved 1048576K
Event: 209.725 GC heap after
Heap after GC invocations=19 (full 3):
 PSYoungGen      total 349184K, used 19431K [0x00000000d5580000, 0x00000000ecc80000, 0x0000000100000000)
  eden space 329728K, 0% used [0x00000000d5580000,0x00000000d5580000,0x00000000e9780000)
  from space 19456K, 99% used [0x00000000eb980000,0x00000000ecc79e90,0x00000000ecc80000)
  to   space 26624K, 0% used [0x00000000e9880000,0x00000000e9880000,0x00000000eb280000)
 ParOldGen       total 99840K, used 63134K [0x0000000080000000, 0x0000000086180000, 0x00000000d5580000)
  object space 99840K, 63% used [0x0000000080000000,0x0000000083da79e0,0x0000000086180000)
 Metaspace       used 89535K, capacity 93768K, committed 94104K, reserved 1130496K
  class space    used 11748K, capacity 12599K, committed 12720K, reserved 1048576K
}
Event: 215.211 GC heap before
{Heap before GC invocations=20 (full 3):
 PSYoungGen      total 349184K, used 349159K [0x00000000d5580000, 0x00000000ecc80000, 0x0000000100000000)
  eden space 329728K, 100% used [0x00000000d5580000,0x00000000e9780000,0x00000000e9780000)
  from space 19456K, 99% used [0x00000000eb980000,0x00000000ecc79e90,0x00000000ecc80000)
  to   space 26624K, 0% used [0x00000000e9880000,0x00000000e9880000,0x00000000eb280000)
 ParOldGen       total 99840K, used 63134K [0x0000000080000000, 0x0000000086180000, 0x00000000d5580000)
  object space 99840K, 63% used [0x0000000080000000,0x0000000083da79e0,0x0000000086180000)
 Metaspace       used 92009K, capacity 96722K, committed 96920K, reserved 1132544K
  class space    used 12040K, capacity 12940K, committed 12976K, reserved 1048576K
Event: 215.323 GC heap after
Heap after GC invocations=20 (full 3):
 PSYoungGen      total 356352K, used 15753K [0x00000000d5580000, 0x00000000ecc80000, 0x0000000100000000)
  eden space 329728K, 0% used [0x00000000d5580000,0x00000000d5580000,0x00000000e9780000)
  from space 26624K, 59% used [0x00000000e9880000,0x00000000ea7e27b0,0x00000000eb280000)
  to   space 19456K, 0% used [0x00000000eb980000,0x00000000eb980000,0x00000000ecc80000)
 ParOldGen       total 99840K, used 80956K [0x0000000080000000, 0x0000000086180000, 0x00000000d5580000)
  object space 99840K, 81% used [0x0000000080000000,0x0000000084f0f130,0x0000000086180000)
 Metaspace       used 92009K, capacity 96722K, committed 96920K, reserved 1132544K
  class space    used 12040K, capacity 12940K, committed 12976K, reserved 1048576K
}

