# JRE version: OpenJDK Runtime Environment (8.0_242-b01) (build 1.8.0_242-release-1644-b01)
# Java VM: OpenJDK 64-Bit Server VM (25.242-b01 mixed mode windows-amd64 compressed oops)
Heap:
 PSYoungGen      total 284160K, used 148603K [0x00000000d5580000, 0x00000000eaa00000, 0x0000000100000000)
  eden space 247808K, 45% used [0x00000000d5580000,0x00000000dc322998,0x00000000e4780000)
  from space 36352K, 99% used [0x00000000e7280000,0x00000000e95fc5d0,0x00000000e9600000)
  to   space 44032K, 0% used [0x00000000e4780000,0x00000000e4780000,0x00000000e7280000)
 ParOldGen       total 153600K, used 49513K [0x0000000080000000, 0x0000000089600000, 0x00000000d5580000)
  object space 153600K, 32% used [0x0000000080000000,0x000000008305a518,0x0000000089600000)
 Metaspace       used 88576K, capacity 92928K, committed 93144K, reserved 1130496K
  class space    used 11904K, capacity 12783K, committed 12800K, reserved 1048576K
GC Heap History (10 events):
Event: 14.584 GC heap before
{Heap before GC invocations=13 (full 3):
 PSYoungGen      total 196608K, used 16704K [0x00000000d5580000, 0x00000000e3980000, 0x0000000100000000)
  eden space 176640K, 0% used [0x00000000d5580000,0x00000000d5580000,0x00000000e0200000)
  from space 19968K, 83% used [0x00000000e1780000,0x00000000e27d0208,0x00000000e2b00000)
  to   space 22016K, 0% used [0x00000000e0200000,0x00000000e0200000,0x00000000e1780000)
 ParOldGen       total 106496K, used 29632K [0x0000000080000000, 0x0000000086800000, 0x00000000d5580000)
  object space 106496K, 27% used [0x0000000080000000,0x0000000081cf03e0,0x0000000086800000)
 Metaspace       used 56755K, capacity 58878K, committed 59028K, reserved 1099776K
  class space    used 7445K, capacity 7871K, committed 7936K, reserved 1048576K
Event: 14.905 GC heap after
Heap after GC invocations=13 (full 3):
 PSYoungGen      total 196608K, used 0K [0x00000000d5580000, 0x00000000e3980000, 0x0000000100000000)
  eden space 176640K, 0% used [0x00000000d5580000,0x00000000d5580000,0x00000000e0200000)
  from space 19968K, 0% used [0x00000000e1780000,0x00000000e1780000,0x00000000e2b00000)
  to   space 22016K, 0% used [0x00000000e0200000,0x00000000e0200000,0x00000000e1780000)
 ParOldGen       total 153600K, used 31018K [0x0000000080000000, 0x0000000089600000, 0x00000000d5580000)
  object space 153600K, 20% used [0x0000000080000000,0x0000000081e4a9c8,0x0000000089600000)
 Metaspace       used 56738K, capacity 58836K, committed 59028K, reserved 1099776K
  class space    used 7439K, capacity 7862K, committed 7936K, reserved 1048576K
}
Event: 18.503 GC heap before
{Heap before GC invocations=14 (full 3):
 PSYoungGen      total 196608K, used 176640K [0x00000000d5580000, 0x00000000e3980000, 0x0000000100000000)
  eden space 176640K, 100% used [0x00000000d5580000,0x00000000e0200000,0x00000000e0200000)
  from space 19968K, 0% used [0x00000000e1780000,0x00000000e1780000,0x00000000e2b00000)
  to   space 22016K, 0% used [0x00000000e0200000,0x00000000e0200000,0x00000000e1780000)
 ParOldGen       total 153600K, used 31018K [0x0000000080000000, 0x0000000089600000, 0x00000000d5580000)
  object space 153600K, 20% used [0x0000000080000000,0x0000000081e4a9c8,0x0000000089600000)
 Metaspace       used 67306K, capacity 70054K, committed 70232K, reserved 1110016K
  class space    used 9008K, capacity 9537K, committed 9600K, reserved 1048576K
Event: 18.560 GC heap after
Heap after GC invocations=14 (full 3):
 PSYoungGen      total 198656K, used 18796K [0x00000000d5580000, 0x00000000e5600000, 0x0000000100000000)
  eden space 176640K, 0% used [0x00000000d5580000,0x00000000d5580000,0x00000000e0200000)
  from space 22016K, 85% used [0x00000000e0200000,0x00000000e145b030,0x00000000e1780000)
  to   space 24064K, 0% used [0x00000000e3e80000,0x00000000e3e80000,0x00000000e5600000)
 ParOldGen       total 153600K, used 31026K [0x0000000080000000, 0x0000000089600000, 0x00000000d5580000)
  object space 153600K, 20% used [0x0000000080000000,0x0000000081e4c9c8,0x0000000089600000)
 Metaspace       used 67306K, capacity 70054K, committed 70232K, reserved 1110016K
  class space    used 9008K, capacity 9537K, committed 9600K, reserved 1048576K
}
Event: 22.526 GC heap before
{Heap before GC invocations=15 (full 3):
 PSYoungGen      total 198656K, used 195436K [0x00000000d5580000, 0x00000000e5600000, 0x0000000100000000)
  eden space 176640K, 100% used [0x00000000d5580000,0x00000000e0200000,0x00000000e0200000)
  from space 22016K, 85% used [0x00000000e0200000,0x00000000e145b030,0x00000000e1780000)
  to   space 24064K, 0% used [0x00000000e3e80000,0x00000000e3e80000,0x00000000e5600000)
 ParOldGen       total 153600K, used 31026K [0x0000000080000000, 0x0000000089600000, 0x00000000d5580000)
  object space 153600K, 20% used [0x0000000080000000,0x0000000081e4c9c8,0x0000000089600000)
 Metaspace       used 74941K, capacity 78404K, committed 78680K, reserved 1118208K
  class space    used 10114K, capacity 10799K, committed 10880K, reserved 1048576K
Event: 22.579 GC heap after
Heap after GC invocations=15 (full 3):
 PSYoungGen      total 235008K, used 24042K [0x00000000d5580000, 0x00000000e5b00000, 0x0000000100000000)
  eden space 210944K, 0% used [0x00000000d5580000,0x00000000d5580000,0x00000000e2380000)
  from space 24064K, 99% used [0x00000000e3e80000,0x00000000e55fa878,0x00000000e5600000)
  to   space 27648K, 0% used [0x00000000e2380000,0x00000000e2380000,0x00000000e3e80000)
 ParOldGen       total 153600K, used 31981K [0x0000000080000000, 0x0000000089600000, 0x00000000d5580000)
  object space 153600K, 20% used [0x0000000080000000,0x0000000081f3b488,0x0000000089600000)
 Metaspace       used 74941K, capacity 78404K, committed 78680K, reserved 1118208K
  class space    used 10114K, capacity 10799K, committed 10880K, reserved 1048576K
}
Event: 26.201 GC heap before
{Heap before GC invocations=16 (full 3):
 PSYoungGen      total 235008K, used 234986K [0x00000000d5580000, 0x00000000e5b00000, 0x0000000100000000)
  eden space 210944K, 100% used [0x00000000d5580000,0x00000000e2380000,0x00000000e2380000)
  from space 24064K, 99% used [0x00000000e3e80000,0x00000000e55fa878,0x00000000e5600000)
  to   space 27648K, 0% used [0x00000000e2380000,0x00000000e2380000,0x00000000e3e80000)
 ParOldGen       total 153600K, used 31981K [0x0000000080000000, 0x0000000089600000, 0x00000000d5580000)
  object space 153600K, 20% used [0x0000000080000000,0x0000000081f3b488,0x0000000089600000)
 Metaspace       used 84184K, capacity 88238K, committed 88408K, reserved 1126400K
  class space    used 11327K, capacity 12092K, committed 12160K, reserved 1048576K
Event: 26.282 GC heap after
Heap after GC invocations=16 (full 3):
 PSYoungGen      total 238592K, used 27617K [0x00000000d5580000, 0x00000000e9600000, 0x0000000100000000)
  eden space 210944K, 0% used [0x00000000d5580000,0x00000000d5580000,0x00000000e2380000)
  from space 27648K, 99% used [0x00000000e2380000,0x00000000e3e787b0,0x00000000e3e80000)
  to   space 36352K, 0% used [0x00000000e7280000,0x00000000e7280000,0x00000000e9600000)
 ParOldGen       total 153600K, used 43877K [0x0000000080000000, 0x0000000089600000, 0x00000000d5580000)
  object space 153600K, 28% used [0x0000000080000000,0x0000000082ad95d8,0x0000000089600000)
 Metaspace       used 84184K, capacity 88238K, committed 88408K, reserved 1126400K
  class space    used 11327K, capacity 12092K, committed 12160K, reserved 1048576K
}
Event: 28.871 GC heap before
{Heap before GC invocations=17 (full 3):
 PSYoungGen      total 238592K, used 238561K [0x00000000d5580000, 0x00000000e9600000, 0x0000000100000000)
  eden space 210944K, 100% used [0x00000000d5580000,0x00000000e2380000,0x00000000e2380000)
  from space 27648K, 99% used [0x00000000e2380000,0x00000000e3e787b0,0x00000000e3e80000)
  to   space 36352K, 0% used [0x00000000e7280000,0x00000000e7280000,0x00000000e9600000)
 ParOldGen       total 153600K, used 43877K [0x0000000080000000, 0x0000000089600000, 0x00000000d5580000)
  object space 153600K, 28% used [0x0000000080000000,0x0000000082ad95d8,0x0000000089600000)
 Metaspace       used 85393K, capacity 89440K, committed 89560K, reserved 1126400K
  class space    used 11434K, capacity 12253K, committed 12288K, reserved 1048576K
Event: 28.961 GC heap after
Heap after GC invocations=17 (full 3):
 PSYoungGen      total 284160K, used 36337K [0x00000000d5580000, 0x00000000eaa00000, 0x0000000100000000)
  eden space 247808K, 0% used [0x00000000d5580000,0x00000000d5580000,0x00000000e4780000)
  from space 36352K, 99% used [0x00000000e7280000,0x00000000e95fc5d0,0x00000000e9600000)
  to   space 44032K, 0% used [0x00000000e4780000,0x00000000e4780000,0x00000000e7280000)
 ParOldGen       total 153600K, used 49513K [0x0000000080000000, 0x0000000089600000, 0x00000000d5580000)
  object space 153600K, 32% used [0x0000000080000000,0x000000008305a518,0x0000000089600000)
 Metaspace       used 85393K, capacity 89440K, committed 89560K, reserved 1126400K
  class space    used 11434K, capacity 12253K, committed 12288K, reserved 1048576K
}

