# JRE version: OpenJDK Runtime Environment (8.0_242-b01) (build 1.8.0_242-release-1644-b01)
# Java VM: OpenJDK 64-Bit Server VM (25.242-b01 mixed mode windows-amd64 compressed oops)
Heap:
 PSYoungGen      total 83456K, used 47483K [0x00000000d5e00000, 0x00000000ddb80000, 0x0000000100000000)
  eden space 67072K, 46% used [0x00000000d5e00000,0x00000000d7c63380,0x00000000d9f80000)
  from space 16384K, 99% used [0x00000000d9f80000,0x00000000daf7ba00,0x00000000daf80000)
  to   space 19456K, 0% used [0x00000000dc880000,0x00000000dc880000,0x00000000ddb80000)
 ParOldGen       total 68608K, used 27342K [0x0000000081a00000, 0x0000000085d00000, 0x00000000d5e00000)
  object space 68608K, 39% used [0x0000000081a00000,0x00000000834b38c0,0x0000000085d00000)
 Metaspace       used 44762K, capacity 45408K, committed 45784K, reserved 1089536K
  class space    used 5626K, capacity 5822K, committed 5888K, reserved 1048576K
GC Heap History (10 events):
Event: 3.552 GC heap before
{Heap before GC invocations=5 (full 1):
 PSYoungGen      total 38400K, used 33280K [0x00000000d5e00000, 0x00000000da900000, 0x0000000100000000)
  eden space 33280K, 100% used [0x00000000d5e00000,0x00000000d7e80000,0x00000000d7e80000)
  from space 5120K, 0% used [0x00000000d7e80000,0x00000000d7e80000,0x00000000d8380000)
  to   space 5120K, 0% used [0x00000000da400000,0x00000000da400000,0x00000000da900000)
 ParOldGen       total 68608K, used 9403K [0x0000000081a00000, 0x0000000085d00000, 0x00000000d5e00000)
  object space 68608K, 13% used [0x0000000081a00000,0x000000008232ec90,0x0000000085d00000)
 Metaspace       used 23918K, capacity 24404K, committed 24704K, reserved 1071104K
  class space    used 2823K, capacity 2931K, committed 2944K, reserved 1048576K
Event: 3.569 GC heap after
Heap after GC invocations=5 (full 1):
 PSYoungGen      total 52224K, used 5105K [0x00000000d5e00000, 0x00000000da900000, 0x0000000100000000)
  eden space 47104K, 0% used [0x00000000d5e00000,0x00000000d5e00000,0x00000000d8c00000)
  from space 5120K, 99% used [0x00000000da400000,0x00000000da8fc7d8,0x00000000da900000)
  to   space 5120K, 0% used [0x00000000d9f00000,0x00000000d9f00000,0x00000000da400000)
 ParOldGen       total 68608K, used 11341K [0x0000000081a00000, 0x0000000085d00000, 0x00000000d5e00000)
  object space 68608K, 16% used [0x0000000081a00000,0x0000000082513720,0x0000000085d00000)
 Metaspace       used 23918K, capacity 24404K, committed 24704K, reserved 1071104K
  class space    used 2823K, capacity 2931K, committed 2944K, reserved 1048576K
}
Event: 4.934 GC heap before
{Heap before GC invocations=6 (full 1):
 PSYoungGen      total 52224K, used 52209K [0x00000000d5e00000, 0x00000000da900000, 0x0000000100000000)
  eden space 47104K, 100% used [0x00000000d5e00000,0x00000000d8c00000,0x00000000d8c00000)
  from space 5120K, 99% used [0x00000000da400000,0x00000000da8fc7d8,0x00000000da900000)
  to   space 5120K, 0% used [0x00000000d9f00000,0x00000000d9f00000,0x00000000da400000)
 ParOldGen       total 68608K, used 11341K [0x0000000081a00000, 0x0000000085d00000, 0x00000000d5e00000)
  object space 68608K, 16% used [0x0000000081a00000,0x0000000082513720,0x0000000085d00000)
 Metaspace       used 32345K, capacity 32897K, committed 33152K, reserved 1079296K
  class space    used 4051K, capacity 4219K, committed 4224K, reserved 1048576K
Event: 4.962 GC heap after
Heap after GC invocations=6 (full 1):
 PSYoungGen      total 71680K, used 5091K [0x00000000d5e00000, 0x00000000dc000000, 0x0000000100000000)
  eden space 66560K, 0% used [0x00000000d5e00000,0x00000000d5e00000,0x00000000d9f00000)
  from space 5120K, 99% used [0x00000000d9f00000,0x00000000da3f8c70,0x00000000da400000)
  to   space 16896K, 0% used [0x00000000daf80000,0x00000000daf80000,0x00000000dc000000)
 ParOldGen       total 68608K, used 23901K [0x0000000081a00000, 0x0000000085d00000, 0x00000000d5e00000)
  object space 68608K, 34% used [0x0000000081a00000,0x0000000083157598,0x0000000085d00000)
 Metaspace       used 32345K, capacity 32897K, committed 33152K, reserved 1079296K
  class space    used 4051K, capacity 4219K, committed 4224K, reserved 1048576K
}
Event: 5.408 GC heap before
{Heap before GC invocations=7 (full 1):
 PSYoungGen      total 71680K, used 18352K [0x00000000d5e00000, 0x00000000dc000000, 0x0000000100000000)
  eden space 66560K, 19% used [0x00000000d5e00000,0x00000000d6af3550,0x00000000d9f00000)
  from space 5120K, 99% used [0x00000000d9f00000,0x00000000da3f8c70,0x00000000da400000)
  to   space 16896K, 0% used [0x00000000daf80000,0x00000000daf80000,0x00000000dc000000)
 ParOldGen       total 68608K, used 23901K [0x0000000081a00000, 0x0000000085d00000, 0x00000000d5e00000)
  object space 68608K, 34% used [0x0000000081a00000,0x0000000083157598,0x0000000085d00000)
 Metaspace       used 34595K, capacity 35026K, committed 35416K, reserved 1081344K
  class space    used 4340K, capacity 4479K, committed 4480K, reserved 1048576K
Event: 5.426 GC heap after
Heap after GC invocations=7 (full 1):
 PSYoungGen      total 83968K, used 8869K [0x00000000d5e00000, 0x00000000dde00000, 0x0000000100000000)
  eden space 67072K, 0% used [0x00000000d5e00000,0x00000000d5e00000,0x00000000d9f80000)
  from space 16896K, 52% used [0x00000000daf80000,0x00000000db8294b8,0x00000000dc000000)
  to   space 16384K, 0% used [0x00000000d9f80000,0x00000000d9f80000,0x00000000daf80000)
 ParOldGen       total 68608K, used 23909K [0x0000000081a00000, 0x0000000085d00000, 0x00000000d5e00000)
  object space 68608K, 34% used [0x0000000081a00000,0x0000000083159598,0x0000000085d00000)
 Metaspace       used 34595K, capacity 35026K, committed 35416K, reserved 1081344K
  class space    used 4340K, capacity 4479K, committed 4480K, reserved 1048576K
}
Event: 5.426 GC heap before
{Heap before GC invocations=8 (full 2):
 PSYoungGen      total 83968K, used 8869K [0x00000000d5e00000, 0x00000000dde00000, 0x0000000100000000)
  eden space 67072K, 0% used [0x00000000d5e00000,0x00000000d5e00000,0x00000000d9f80000)
  from space 16896K, 52% used [0x00000000daf80000,0x00000000db8294b8,0x00000000dc000000)
  to   space 16384K, 0% used [0x00000000d9f80000,0x00000000d9f80000,0x00000000daf80000)
 ParOldGen       total 68608K, used 23909K [0x0000000081a00000, 0x0000000085d00000, 0x00000000d5e00000)
  object space 68608K, 34% used [0x0000000081a00000,0x0000000083159598,0x0000000085d00000)
 Metaspace       used 34595K, capacity 35026K, committed 35416K, reserved 1081344K
  class space    used 4340K, capacity 4479K, committed 4480K, reserved 1048576K
Event: 5.591 GC heap after
Heap after GC invocations=8 (full 2):
 PSYoungGen      total 83968K, used 0K [0x00000000d5e00000, 0x00000000dde00000, 0x0000000100000000)
  eden space 67072K, 0% used [0x00000000d5e00000,0x00000000d5e00000,0x00000000d9f80000)
  from space 16896K, 0% used [0x00000000daf80000,0x00000000daf80000,0x00000000dc000000)
  to   space 16384K, 0% used [0x00000000d9f80000,0x00000000d9f80000,0x00000000daf80000)
 ParOldGen       total 68608K, used 25749K [0x0000000081a00000, 0x0000000085d00000, 0x00000000d5e00000)
  object space 68608K, 37% used [0x0000000081a00000,0x00000000833256d0,0x0000000085d00000)
 Metaspace       used 34595K, capacity 35026K, committed 35416K, reserved 1081344K
  class space    used 4340K, capacity 4479K, committed 4480K, reserved 1048576K
}
Event: 7.991 GC heap before
{Heap before GC invocations=9 (full 2):
 PSYoungGen      total 83968K, used 67072K [0x00000000d5e00000, 0x00000000dde00000, 0x0000000100000000)
  eden space 67072K, 100% used [0x00000000d5e00000,0x00000000d9f80000,0x00000000d9f80000)
  from space 16896K, 0% used [0x00000000daf80000,0x00000000daf80000,0x00000000dc000000)
  to   space 16384K, 0% used [0x00000000d9f80000,0x00000000d9f80000,0x00000000daf80000)
 ParOldGen       total 68608K, used 25749K [0x0000000081a00000, 0x0000000085d00000, 0x00000000d5e00000)
  object space 68608K, 37% used [0x0000000081a00000,0x00000000833256d0,0x0000000085d00000)
 Metaspace       used 44486K, capacity 45106K, committed 45528K, reserved 1089536K
  class space    used 5595K, capacity 5787K, committed 5888K, reserved 1048576K
Event: 8.017 GC heap after
Heap after GC invocations=9 (full 2):
 PSYoungGen      total 83456K, used 16366K [0x00000000d5e00000, 0x00000000ddb80000, 0x0000000100000000)
  eden space 67072K, 0% used [0x00000000d5e00000,0x00000000d5e00000,0x00000000d9f80000)
  from space 16384K, 99% used [0x00000000d9f80000,0x00000000daf7ba00,0x00000000daf80000)
  to   space 19456K, 0% used [0x00000000dc880000,0x00000000dc880000,0x00000000ddb80000)
 ParOldGen       total 68608K, used 27342K [0x0000000081a00000, 0x0000000085d00000, 0x00000000d5e00000)
  object space 68608K, 39% used [0x0000000081a00000,0x00000000834b38c0,0x0000000085d00000)
 Metaspace       used 44486K, capacity 45106K, committed 45528K, reserved 1089536K
  class space    used 5595K, capacity 5787K, committed 5888K, reserved 1048576K
}

