# JRE version: OpenJDK Runtime Environment (8.0_242-b01) (build 1.8.0_242-release-1644-b01)
# Java VM: OpenJDK 64-Bit Server VM (25.242-b01 mixed mode windows-amd64 compressed oops)
Heap:
 PSYoungGen      total 71680K, used 37144K [0x00000000d5e00000, 0x00000000dc280000, 0x0000000100000000)
  eden space 66560K, 48% used [0x00000000d5e00000,0x00000000d7d4bca0,0x00000000d9f00000)
  from space 5120K, 99% used [0x00000000d9f00000,0x00000000da3fa730,0x00000000da400000)
  to   space 16896K, 0% used [0x00000000db200000,0x00000000db200000,0x00000000dc280000)
 ParOldGen       total 67584K, used 38619K [0x0000000081a00000, 0x0000000085c00000, 0x00000000d5e00000)
  object space 67584K, 57% used [0x0000000081a00000,0x0000000083fb6c28,0x0000000085c00000)
 Metaspace       used 44669K, capacity 45344K, committed 45784K, reserved 1089536K
  class space    used 5626K, capacity 5822K, committed 5888K, reserved 1048576K
GC Heap History (10 events):
Event: 3.156 GC heap before
{Heap before GC invocations=5 (full 1):
 PSYoungGen      total 38400K, used 33280K [0x00000000d5e00000, 0x00000000da900000, 0x0000000100000000)
  eden space 33280K, 100% used [0x00000000d5e00000,0x00000000d7e80000,0x00000000d7e80000)
  from space 5120K, 0% used [0x00000000d7e80000,0x00000000d7e80000,0x00000000d8380000)
  to   space 5120K, 0% used [0x00000000da400000,0x00000000da400000,0x00000000da900000)
 ParOldGen       total 67584K, used 9392K [0x0000000081a00000, 0x0000000085c00000, 0x00000000d5e00000)
  object space 67584K, 13% used [0x0000000081a00000,0x000000008232c2f0,0x0000000085c00000)
 Metaspace       used 23892K, capacity 24404K, committed 24704K, reserved 1071104K
  class space    used 2822K, capacity 2931K, committed 2944K, reserved 1048576K
Event: 3.170 GC heap after
Heap after GC invocations=5 (full 1):
 PSYoungGen      total 53248K, used 5113K [0x00000000d5e00000, 0x00000000da900000, 0x0000000100000000)
  eden space 48128K, 0% used [0x00000000d5e00000,0x00000000d5e00000,0x00000000d8d00000)
  from space 5120K, 99% used [0x00000000da400000,0x00000000da8fe578,0x00000000da900000)
  to   space 5120K, 0% used [0x00000000d9f00000,0x00000000d9f00000,0x00000000da400000)
 ParOldGen       total 67584K, used 11297K [0x0000000081a00000, 0x0000000085c00000, 0x00000000d5e00000)
  object space 67584K, 16% used [0x0000000081a00000,0x00000000825085c8,0x0000000085c00000)
 Metaspace       used 23892K, capacity 24404K, committed 24704K, reserved 1071104K
  class space    used 2822K, capacity 2931K, committed 2944K, reserved 1048576K
}
Event: 4.376 GC heap before
{Heap before GC invocations=6 (full 1):
 PSYoungGen      total 53248K, used 53241K [0x00000000d5e00000, 0x00000000da900000, 0x0000000100000000)
  eden space 48128K, 100% used [0x00000000d5e00000,0x00000000d8d00000,0x00000000d8d00000)
  from space 5120K, 99% used [0x00000000da400000,0x00000000da8fe578,0x00000000da900000)
  to   space 5120K, 0% used [0x00000000d9f00000,0x00000000d9f00000,0x00000000da400000)
 ParOldGen       total 67584K, used 11297K [0x0000000081a00000, 0x0000000085c00000, 0x00000000d5e00000)
  object space 67584K, 16% used [0x0000000081a00000,0x00000000825085c8,0x0000000085c00000)
 Metaspace       used 32384K, capacity 32898K, committed 33152K, reserved 1079296K
  class space    used 4051K, capacity 4219K, committed 4224K, reserved 1048576K
Event: 4.395 GC heap after
Heap after GC invocations=6 (full 1):
 PSYoungGen      total 71680K, used 5091K [0x00000000d5e00000, 0x00000000dc280000, 0x0000000100000000)
  eden space 66560K, 0% used [0x00000000d5e00000,0x00000000d5e00000,0x00000000d9f00000)
  from space 5120K, 99% used [0x00000000d9f00000,0x00000000da3f8c70,0x00000000da400000)
  to   space 16896K, 0% used [0x00000000db200000,0x00000000db200000,0x00000000dc280000)
 ParOldGen       total 67584K, used 24092K [0x0000000081a00000, 0x0000000085c00000, 0x00000000d5e00000)
  object space 67584K, 35% used [0x0000000081a00000,0x0000000083187168,0x0000000085c00000)
 Metaspace       used 32384K, capacity 32898K, committed 33152K, reserved 1079296K
  class space    used 4051K, capacity 4219K, committed 4224K, reserved 1048576K
}
Event: 4.686 GC heap before
{Heap before GC invocations=7 (full 1):
 PSYoungGen      total 71680K, used 17039K [0x00000000d5e00000, 0x00000000dc280000, 0x0000000100000000)
  eden space 66560K, 17% used [0x00000000d5e00000,0x00000000d69ab210,0x00000000d9f00000)
  from space 5120K, 99% used [0x00000000d9f00000,0x00000000da3f8c70,0x00000000da400000)
  to   space 16896K, 0% used [0x00000000db200000,0x00000000db200000,0x00000000dc280000)
 ParOldGen       total 67584K, used 24092K [0x0000000081a00000, 0x0000000085c00000, 0x00000000d5e00000)
  object space 67584K, 35% used [0x0000000081a00000,0x0000000083187168,0x0000000085c00000)
 Metaspace       used 34560K, capacity 35026K, committed 35416K, reserved 1081344K
  class space    used 4340K, capacity 4479K, committed 4480K, reserved 1048576K
Event: 4.699 GC heap after
Heap after GC invocations=7 (full 1):
 PSYoungGen      total 83456K, used 8639K [0x00000000d5e00000, 0x00000000dc280000, 0x0000000100000000)
  eden space 66560K, 0% used [0x00000000d5e00000,0x00000000d5e00000,0x00000000d9f00000)
  from space 16896K, 51% used [0x00000000db200000,0x00000000dba6ffe0,0x00000000dc280000)
  to   space 5120K, 0% used [0x00000000d9f00000,0x00000000d9f00000,0x00000000da400000)
 ParOldGen       total 67584K, used 24100K [0x0000000081a00000, 0x0000000085c00000, 0x00000000d5e00000)
  object space 67584K, 35% used [0x0000000081a00000,0x0000000083189168,0x0000000085c00000)
 Metaspace       used 34560K, capacity 35026K, committed 35416K, reserved 1081344K
  class space    used 4340K, capacity 4479K, committed 4480K, reserved 1048576K
}
Event: 4.699 GC heap before
{Heap before GC invocations=8 (full 2):
 PSYoungGen      total 83456K, used 8639K [0x00000000d5e00000, 0x00000000dc280000, 0x0000000100000000)
  eden space 66560K, 0% used [0x00000000d5e00000,0x00000000d5e00000,0x00000000d9f00000)
  from space 16896K, 51% used [0x00000000db200000,0x00000000dba6ffe0,0x00000000dc280000)
  to   space 5120K, 0% used [0x00000000d9f00000,0x00000000d9f00000,0x00000000da400000)
 ParOldGen       total 67584K, used 24100K [0x0000000081a00000, 0x0000000085c00000, 0x00000000d5e00000)
  object space 67584K, 35% used [0x0000000081a00000,0x0000000083189168,0x0000000085c00000)
 Metaspace       used 34560K, capacity 35026K, committed 35416K, reserved 1081344K
  class space    used 4340K, capacity 4479K, committed 4480K, reserved 1048576K
Event: 4.821 GC heap after
Heap after GC invocations=8 (full 2):
 PSYoungGen      total 83456K, used 0K [0x00000000d5e00000, 0x00000000dc280000, 0x0000000100000000)
  eden space 66560K, 0% used [0x00000000d5e00000,0x00000000d5e00000,0x00000000d9f00000)
  from space 16896K, 0% used [0x00000000db200000,0x00000000db200000,0x00000000dc280000)
  to   space 5120K, 0% used [0x00000000d9f00000,0x00000000d9f00000,0x00000000da400000)
 ParOldGen       total 67584K, used 25741K [0x0000000081a00000, 0x0000000085c00000, 0x00000000d5e00000)
  object space 67584K, 38% used [0x0000000081a00000,0x0000000083323610,0x0000000085c00000)
 Metaspace       used 34560K, capacity 35026K, committed 35416K, reserved 1081344K
  class space    used 4340K, capacity 4479K, committed 4480K, reserved 1048576K
}
Event: 6.720 GC heap before
{Heap before GC invocations=9 (full 2):
 PSYoungGen      total 83456K, used 66560K [0x00000000d5e00000, 0x00000000dc280000, 0x0000000100000000)
  eden space 66560K, 100% used [0x00000000d5e00000,0x00000000d9f00000,0x00000000d9f00000)
  from space 16896K, 0% used [0x00000000db200000,0x00000000db200000,0x00000000dc280000)
  to   space 5120K, 0% used [0x00000000d9f00000,0x00000000d9f00000,0x00000000da400000)
 ParOldGen       total 67584K, used 25741K [0x0000000081a00000, 0x0000000085c00000, 0x00000000d5e00000)
  object space 67584K, 38% used [0x0000000081a00000,0x0000000083323610,0x0000000085c00000)
 Metaspace       used 44386K, capacity 45042K, committed 45528K, reserved 1089536K
  class space    used 5595K, capacity 5787K, committed 5888K, reserved 1048576K
Event: 6.745 GC heap after
Heap after GC invocations=9 (full 2):
 PSYoungGen      total 71680K, used 5097K [0x00000000d5e00000, 0x00000000dc280000, 0x0000000100000000)
  eden space 66560K, 0% used [0x00000000d5e00000,0x00000000d5e00000,0x00000000d9f00000)
  from space 5120K, 99% used [0x00000000d9f00000,0x00000000da3fa730,0x00000000da400000)
  to   space 16896K, 0% used [0x00000000db200000,0x00000000db200000,0x00000000dc280000)
 ParOldGen       total 67584K, used 38619K [0x0000000081a00000, 0x0000000085c00000, 0x00000000d5e00000)
  object space 67584K, 57% used [0x0000000081a00000,0x0000000083fb6c28,0x0000000085c00000)
 Metaspace       used 44386K, capacity 45042K, committed 45528K, reserved 1089536K
  class space    used 5595K, capacity 5787K, committed 5888K, reserved 1048576K
}

