# JRE version: OpenJDK Runtime Environment (8.0_242-b01) (build 1.8.0_242-release-1644-b01)
# Java VM: OpenJDK 64-Bit Server VM (25.242-b01 mixed mode windows-amd64 compressed oops)
Heap:
 PSYoungGen      total 90624K, used 34095K [0x00000000d5e00000, 0x00000000de700000, 0x0000000100000000)
  eden space 73216K, 46% used [0x00000000d5e00000,0x00000000d7f4bfa8,0x00000000da580000)
  from space 17408K, 0% used [0x00000000db600000,0x00000000db600000,0x00000000dc700000)
  to   space 16896K, 0% used [0x00000000da580000,0x00000000da580000,0x00000000db600000)
 ParOldGen       total 65536K, used 17058K [0x0000000081a00000, 0x0000000085a00000, 0x00000000d5e00000)
  object space 65536K, 26% used [0x0000000081a00000,0x0000000082aa8ad8,0x0000000085a00000)
 Metaspace       used 40480K, capacity 41092K, committed 41432K, reserved 1085440K
  class space    used 5116K, capacity 5304K, committed 5376K, reserved 1048576K
GC Heap History (10 events):
Event: 4.142 GC heap before
{Heap before GC invocations=4 (full 1):
 PSYoungGen      total 38400K, used 5093K [0x00000000d5e00000, 0x00000000da900000, 0x0000000100000000)
  eden space 33280K, 0% used [0x00000000d5e00000,0x00000000d5e00000,0x00000000d7e80000)
  from space 5120K, 99% used [0x00000000d7e80000,0x00000000d8379688,0x00000000d8380000)
  to   space 5120K, 0% used [0x00000000da400000,0x00000000da400000,0x00000000da900000)
 ParOldGen       total 87552K, used 11722K [0x0000000081a00000, 0x0000000086f80000, 0x00000000d5e00000)
  object space 87552K, 13% used [0x0000000081a00000,0x0000000082572b80,0x0000000086f80000)
 Metaspace       used 20803K, capacity 21208K, committed 21248K, reserved 1069056K
  class space    used 2412K, capacity 2558K, committed 2560K, reserved 1048576K
Event: 4.201 GC heap after
Heap after GC invocations=4 (full 1):
 PSYoungGen      total 38400K, used 0K [0x00000000d5e00000, 0x00000000da900000, 0x0000000100000000)
  eden space 33280K, 0% used [0x00000000d5e00000,0x00000000d5e00000,0x00000000d7e80000)
  from space 5120K, 0% used [0x00000000d7e80000,0x00000000d7e80000,0x00000000d8380000)
  to   space 5120K, 0% used [0x00000000da400000,0x00000000da400000,0x00000000da900000)
 ParOldGen       total 65536K, used 9382K [0x0000000081a00000, 0x0000000085a00000, 0x00000000d5e00000)
  object space 65536K, 14% used [0x0000000081a00000,0x0000000082329af8,0x0000000085a00000)
 Metaspace       used 20803K, capacity 21208K, committed 21248K, reserved 1069056K
  class space    used 2412K, capacity 2558K, committed 2560K, reserved 1048576K
}
Event: 5.995 GC heap before
{Heap before GC invocations=5 (full 1):
 PSYoungGen      total 38400K, used 33280K [0x00000000d5e00000, 0x00000000da900000, 0x0000000100000000)
  eden space 33280K, 100% used [0x00000000d5e00000,0x00000000d7e80000,0x00000000d7e80000)
  from space 5120K, 0% used [0x00000000d7e80000,0x00000000d7e80000,0x00000000d8380000)
  to   space 5120K, 0% used [0x00000000da400000,0x00000000da400000,0x00000000da900000)
 ParOldGen       total 65536K, used 9382K [0x0000000081a00000, 0x0000000085a00000, 0x00000000d5e00000)
  object space 65536K, 14% used [0x0000000081a00000,0x0000000082329af8,0x0000000085a00000)
 Metaspace       used 23956K, capacity 24468K, committed 24704K, reserved 1071104K
  class space    used 2822K, capacity 2931K, committed 2944K, reserved 1048576K
Event: 6.010 GC heap after
Heap after GC invocations=5 (full 1):
 PSYoungGen      total 54272K, used 5113K [0x00000000d5e00000, 0x00000000da900000, 0x0000000100000000)
  eden space 49152K, 0% used [0x00000000d5e00000,0x00000000d5e00000,0x00000000d8e00000)
  from space 5120K, 99% used [0x00000000da400000,0x00000000da8fe578,0x00000000da900000)
  to   space 5120K, 0% used [0x00000000d9f00000,0x00000000d9f00000,0x00000000da400000)
 ParOldGen       total 65536K, used 11321K [0x0000000081a00000, 0x0000000085a00000, 0x00000000d5e00000)
  object space 65536K, 17% used [0x0000000081a00000,0x000000008250e4a8,0x0000000085a00000)
 Metaspace       used 23956K, capacity 24468K, committed 24704K, reserved 1071104K
  class space    used 2822K, capacity 2931K, committed 2944K, reserved 1048576K
}
Event: 8.058 GC heap before
{Heap before GC invocations=6 (full 1):
 PSYoungGen      total 54272K, used 54265K [0x00000000d5e00000, 0x00000000da900000, 0x0000000100000000)
  eden space 49152K, 100% used [0x00000000d5e00000,0x00000000d8e00000,0x00000000d8e00000)
  from space 5120K, 99% used [0x00000000da400000,0x00000000da8fe578,0x00000000da900000)
  to   space 5120K, 0% used [0x00000000d9f00000,0x00000000d9f00000,0x00000000da400000)
 ParOldGen       total 65536K, used 11321K [0x0000000081a00000, 0x0000000085a00000, 0x00000000d5e00000)
  object space 65536K, 17% used [0x0000000081a00000,0x000000008250e4a8,0x0000000085a00000)
 Metaspace       used 32633K, capacity 33121K, committed 33536K, reserved 1079296K
  class space    used 4085K, capacity 4251K, committed 4352K, reserved 1048576K
Event: 8.084 GC heap after
Heap after GC invocations=6 (full 1):
 PSYoungGen      total 71680K, used 5091K [0x00000000d5e00000, 0x00000000dc700000, 0x0000000100000000)
  eden space 66560K, 0% used [0x00000000d5e00000,0x00000000d5e00000,0x00000000d9f00000)
  from space 5120K, 99% used [0x00000000d9f00000,0x00000000da3f8c70,0x00000000da400000)
  to   space 17408K, 0% used [0x00000000db600000,0x00000000db600000,0x00000000dc700000)
 ParOldGen       total 65536K, used 24696K [0x0000000081a00000, 0x0000000085a00000, 0x00000000d5e00000)
  object space 65536K, 37% used [0x0000000081a00000,0x000000008321e018,0x0000000085a00000)
 Metaspace       used 32633K, capacity 33121K, committed 33536K, reserved 1079296K
  class space    used 4085K, capacity 4251K, committed 4352K, reserved 1048576K
}
Event: 8.366 GC heap before
{Heap before GC invocations=7 (full 1):
 PSYoungGen      total 71680K, used 15729K [0x00000000d5e00000, 0x00000000dc700000, 0x0000000100000000)
  eden space 66560K, 15% used [0x00000000d5e00000,0x00000000d6863b48,0x00000000d9f00000)
  from space 5120K, 99% used [0x00000000d9f00000,0x00000000da3f8c70,0x00000000da400000)
  to   space 17408K, 0% used [0x00000000db600000,0x00000000db600000,0x00000000dc700000)
 ParOldGen       total 65536K, used 24696K [0x0000000081a00000, 0x0000000085a00000, 0x00000000d5e00000)
  object space 65536K, 37% used [0x0000000081a00000,0x000000008321e018,0x0000000085a00000)
 Metaspace       used 34607K, capacity 35090K, committed 35416K, reserved 1081344K
  class space    used 4340K, capacity 4479K, committed 4480K, reserved 1048576K
Event: 8.380 GC heap after
Heap after GC invocations=7 (full 1):
 PSYoungGen      total 90624K, used 7975K [0x00000000d5e00000, 0x00000000de700000, 0x0000000100000000)
  eden space 73216K, 0% used [0x00000000d5e00000,0x00000000d5e00000,0x00000000da580000)
  from space 17408K, 45% used [0x00000000db600000,0x00000000dbdc9fc8,0x00000000dc700000)
  to   space 16896K, 0% used [0x00000000da580000,0x00000000da580000,0x00000000db600000)
 ParOldGen       total 65536K, used 24696K [0x0000000081a00000, 0x0000000085a00000, 0x00000000d5e00000)
  object space 65536K, 37% used [0x0000000081a00000,0x000000008321e018,0x0000000085a00000)
 Metaspace       used 34607K, capacity 35090K, committed 35416K, reserved 1081344K
  class space    used 4340K, capacity 4479K, committed 4480K, reserved 1048576K
}
Event: 8.380 GC heap before
{Heap before GC invocations=8 (full 2):
 PSYoungGen      total 90624K, used 7975K [0x00000000d5e00000, 0x00000000de700000, 0x0000000100000000)
  eden space 73216K, 0% used [0x00000000d5e00000,0x00000000d5e00000,0x00000000da580000)
  from space 17408K, 45% used [0x00000000db600000,0x00000000dbdc9fc8,0x00000000dc700000)
  to   space 16896K, 0% used [0x00000000da580000,0x00000000da580000,0x00000000db600000)
 ParOldGen       total 65536K, used 24696K [0x0000000081a00000, 0x0000000085a00000, 0x00000000d5e00000)
  object space 65536K, 37% used [0x0000000081a00000,0x000000008321e018,0x0000000085a00000)
 Metaspace       used 34607K, capacity 35090K, committed 35416K, reserved 1081344K
  class space    used 4340K, capacity 4479K, committed 4480K, reserved 1048576K
Event: 8.491 GC heap after
Heap after GC invocations=8 (full 2):
 PSYoungGen      total 90624K, used 0K [0x00000000d5e00000, 0x00000000de700000, 0x0000000100000000)
  eden space 73216K, 0% used [0x00000000d5e00000,0x00000000d5e00000,0x00000000da580000)
  from space 17408K, 0% used [0x00000000db600000,0x00000000db600000,0x00000000dc700000)
  to   space 16896K, 0% used [0x00000000da580000,0x00000000da580000,0x00000000db600000)
 ParOldGen       total 65536K, used 17058K [0x0000000081a00000, 0x0000000085a00000, 0x00000000d5e00000)
  object space 65536K, 26% used [0x0000000081a00000,0x0000000082aa8ad8,0x0000000085a00000)
 Metaspace       used 34607K, capacity 35090K, committed 35416K, reserved 1081344K
  class space    used 4340K, capacity 4479K, committed 4480K, reserved 1048576K
}

