# JRE version: OpenJDK Runtime Environment (8.0_242-b01) (build 1.8.0_242-release-1644-b01)
# Java VM: OpenJDK 64-Bit Server VM (25.242-b01 mixed mode windows-amd64 compressed oops)
Heap:
 PSYoungGen      total 368640K, used 12112K [0x00000000d5580000, 0x00000000ed900000, 0x0000000100000000)
  eden space 351744K, 3% used [0x00000000d5580000,0x00000000d6154240,0x00000000ead00000)
  from space 16896K, 0% used [0x00000000ec400000,0x00000000ec400000,0x00000000ed480000)
  to   space 22528K, 0% used [0x00000000ead00000,0x00000000ead00000,0x00000000ec300000)
 ParOldGen       total 102912K, used 38472K [0x0000000080000000, 0x0000000086480000, 0x00000000d5580000)
  object space 102912K, 37% used [0x0000000080000000,0x00000000825923d8,0x0000000086480000)
 Metaspace       used 57498K, capacity 59686K, committed 59800K, reserved 1101824K
  class space    used 7814K, capacity 8250K, committed 8352K, reserved 1048576K
GC Heap History (10 events):
Event: 9.103 GC heap before
{Heap before GC invocations=9 (full 1):
 PSYoungGen      total 144896K, used 41971K [0x00000000d5580000, 0x00000000e6580000, 0x0000000100000000)
  eden space 133120K, 22% used [0x00000000d5580000,0x00000000d72fdd80,0x00000000dd780000)
  from space 11776K, 99% used [0x00000000dd780000,0x00000000de2ff048,0x00000000de300000)
  to   space 15360K, 0% used [0x00000000e5680000,0x00000000e5680000,0x00000000e6580000)
 ParOldGen       total 50176K, used 9434K [0x0000000080000000, 0x0000000083100000, 0x00000000d5580000)
  object space 50176K, 18% used [0x0000000080000000,0x00000000809369e8,0x0000000083100000)
 Metaspace       used 34278K, capacity 35424K, committed 35496K, reserved 1079296K
  class space    used 4724K, capacity 5005K, committed 5040K, reserved 1048576K
Event: 9.132 GC heap after
Heap after GC invocations=9 (full 1):
 PSYoungGen      total 260096K, used 8750K [0x00000000d5580000, 0x00000000e6380000, 0x0000000100000000)
  eden space 246784K, 0% used [0x00000000d5580000,0x00000000d5580000,0x00000000e4680000)
  from space 13312K, 65% used [0x00000000e5680000,0x00000000e5f0ba28,0x00000000e6380000)
  to   space 14848K, 0% used [0x00000000e4680000,0x00000000e4680000,0x00000000e5500000)
 ParOldGen       total 50176K, used 9442K [0x0000000080000000, 0x0000000083100000, 0x00000000d5580000)
  object space 50176K, 18% used [0x0000000080000000,0x00000000809389e8,0x0000000083100000)
 Metaspace       used 34278K, capacity 35424K, committed 35496K, reserved 1079296K
  class space    used 4724K, capacity 5005K, committed 5040K, reserved 1048576K
}
Event: 9.132 GC heap before
{Heap before GC invocations=10 (full 2):
 PSYoungGen      total 260096K, used 8750K [0x00000000d5580000, 0x00000000e6380000, 0x0000000100000000)
  eden space 246784K, 0% used [0x00000000d5580000,0x00000000d5580000,0x00000000e4680000)
  from space 13312K, 65% used [0x00000000e5680000,0x00000000e5f0ba28,0x00000000e6380000)
  to   space 14848K, 0% used [0x00000000e4680000,0x00000000e4680000,0x00000000e5500000)
 ParOldGen       total 50176K, used 9442K [0x0000000080000000, 0x0000000083100000, 0x00000000d5580000)
  object space 50176K, 18% used [0x0000000080000000,0x00000000809389e8,0x0000000083100000)
 Metaspace       used 34278K, capacity 35424K, committed 35496K, reserved 1079296K
  class space    used 4724K, capacity 5005K, committed 5040K, reserved 1048576K
Event: 9.244 GC heap after
Heap after GC invocations=10 (full 2):
 PSYoungGen      total 260096K, used 0K [0x00000000d5580000, 0x00000000e6380000, 0x0000000100000000)
  eden space 246784K, 0% used [0x00000000d5580000,0x00000000d5580000,0x00000000e4680000)
  from space 13312K, 0% used [0x00000000e5680000,0x00000000e5680000,0x00000000e6380000)
  to   space 14848K, 0% used [0x00000000e4680000,0x00000000e4680000,0x00000000e5500000)
 ParOldGen       total 66560K, used 15154K [0x0000000080000000, 0x0000000084100000, 0x00000000d5580000)
  object space 66560K, 22% used [0x0000000080000000,0x0000000080eccbd0,0x0000000084100000)
 Metaspace       used 34278K, capacity 35424K, committed 35496K, reserved 1079296K
  class space    used 4724K, capacity 5005K, committed 5040K, reserved 1048576K
}
Event: 12.176 GC heap before
{Heap before GC invocations=11 (full 2):
 PSYoungGen      total 260096K, used 246784K [0x00000000d5580000, 0x00000000e6380000, 0x0000000100000000)
  eden space 246784K, 100% used [0x00000000d5580000,0x00000000e4680000,0x00000000e4680000)
  from space 13312K, 0% used [0x00000000e5680000,0x00000000e5680000,0x00000000e6380000)
  to   space 14848K, 0% used [0x00000000e4680000,0x00000000e4680000,0x00000000e5500000)
 ParOldGen       total 66560K, used 15154K [0x0000000080000000, 0x0000000084100000, 0x00000000d5580000)
  object space 66560K, 22% used [0x0000000080000000,0x0000000080eccbd0,0x0000000084100000)
 Metaspace       used 44616K, capacity 46352K, committed 46632K, reserved 1089536K
  class space    used 6053K, capacity 6384K, committed 6448K, reserved 1048576K
Event: 12.240 GC heap after
Heap after GC invocations=11 (full 2):
 PSYoungGen      total 261632K, used 14725K [0x00000000d5580000, 0x00000000ed480000, 0x0000000100000000)
  eden space 246784K, 0% used [0x00000000d5580000,0x00000000d5580000,0x00000000e4680000)
  from space 14848K, 99% used [0x00000000e4680000,0x00000000e54e1500,0x00000000e5500000)
  to   space 16896K, 0% used [0x00000000ec400000,0x00000000ec400000,0x00000000ed480000)
 ParOldGen       total 66560K, used 15162K [0x0000000080000000, 0x0000000084100000, 0x00000000d5580000)
  object space 66560K, 22% used [0x0000000080000000,0x0000000080ecebd0,0x0000000084100000)
 Metaspace       used 44616K, capacity 46352K, committed 46632K, reserved 1089536K
  class space    used 6053K, capacity 6384K, committed 6448K, reserved 1048576K
}
Event: 16.754 GC heap before
{Heap before GC invocations=12 (full 2):
 PSYoungGen      total 261632K, used 176710K [0x00000000d5580000, 0x00000000ed480000, 0x0000000100000000)
  eden space 246784K, 65% used [0x00000000d5580000,0x00000000df3b04a0,0x00000000e4680000)
  from space 14848K, 99% used [0x00000000e4680000,0x00000000e54e1500,0x00000000e5500000)
  to   space 16896K, 0% used [0x00000000ec400000,0x00000000ec400000,0x00000000ed480000)
 ParOldGen       total 66560K, used 15162K [0x0000000080000000, 0x0000000084100000, 0x00000000d5580000)
  object space 66560K, 22% used [0x0000000080000000,0x0000000080ecebd0,0x0000000084100000)
 Metaspace       used 56923K, capacity 59080K, committed 59160K, reserved 1099776K
  class space    used 7709K, capacity 8153K, committed 8224K, reserved 1048576K
Event: 16.799 GC heap after
Heap after GC invocations=12 (full 2):
 PSYoungGen      total 368640K, used 16892K [0x00000000d5580000, 0x00000000ed900000, 0x0000000100000000)
  eden space 351744K, 0% used [0x00000000d5580000,0x00000000d5580000,0x00000000ead00000)
  from space 16896K, 99% used [0x00000000ec400000,0x00000000ed47f340,0x00000000ed480000)
  to   space 22528K, 0% used [0x00000000ead00000,0x00000000ead00000,0x00000000ec300000)
 ParOldGen       total 66560K, used 24347K [0x0000000080000000, 0x0000000084100000, 0x00000000d5580000)
  object space 66560K, 36% used [0x0000000080000000,0x00000000817c6e98,0x0000000084100000)
 Metaspace       used 56923K, capacity 59080K, committed 59160K, reserved 1099776K
  class space    used 7709K, capacity 8153K, committed 8224K, reserved 1048576K
}
Event: 16.799 GC heap before
{Heap before GC invocations=13 (full 3):
 PSYoungGen      total 368640K, used 16892K [0x00000000d5580000, 0x00000000ed900000, 0x0000000100000000)
  eden space 351744K, 0% used [0x00000000d5580000,0x00000000d5580000,0x00000000ead00000)
  from space 16896K, 99% used [0x00000000ec400000,0x00000000ed47f340,0x00000000ed480000)
  to   space 22528K, 0% used [0x00000000ead00000,0x00000000ead00000,0x00000000ec300000)
 ParOldGen       total 66560K, used 24347K [0x0000000080000000, 0x0000000084100000, 0x00000000d5580000)
  object space 66560K, 36% used [0x0000000080000000,0x00000000817c6e98,0x0000000084100000)
 Metaspace       used 56923K, capacity 59080K, committed 59160K, reserved 1099776K
  class space    used 7709K, capacity 8153K, committed 8224K, reserved 1048576K
Event: 17.198 GC heap after
Heap after GC invocations=13 (full 3):
 PSYoungGen      total 368640K, used 0K [0x00000000d5580000, 0x00000000ed900000, 0x0000000100000000)
  eden space 351744K, 0% used [0x00000000d5580000,0x00000000d5580000,0x00000000ead00000)
  from space 16896K, 0% used [0x00000000ec400000,0x00000000ec400000,0x00000000ed480000)
  to   space 22528K, 0% used [0x00000000ead00000,0x00000000ead00000,0x00000000ec300000)
 ParOldGen       total 102912K, used 38472K [0x0000000080000000, 0x0000000086480000, 0x00000000d5580000)
  object space 102912K, 37% used [0x0000000080000000,0x00000000825923d8,0x0000000086480000)
 Metaspace       used 56914K, capacity 59050K, committed 59160K, reserved 1099776K
  class space    used 7706K, capacity 8148K, committed 8224K, reserved 1048576K
}

