# JRE version: OpenJDK Runtime Environment (8.0_242-b01) (build 1.8.0_242-release-1644-b01)
# Java VM: OpenJDK 64-Bit Server VM (25.242-b01 mixed mode windows-amd64 compressed oops)
Heap:
 PSYoungGen      total 69632K, used 34702K [0x00000000d5e00000, 0x00000000dbe00000, 0x0000000100000000)
  eden space 64512K, 45% used [0x00000000d5e00000,0x00000000d7ae6840,0x00000000d9d00000)
  from space 5120K, 99% used [0x00000000d9f00000,0x00000000da3fcff0,0x00000000da400000)
  to   space 16896K, 0% used [0x00000000dad80000,0x00000000dad80000,0x00000000dbe00000)
 ParOldGen       total 68096K, used 24822K [0x0000000081a00000, 0x0000000085c80000, 0x00000000d5e00000)
  object space 68096K, 36% used [0x0000000081a00000,0x000000008323dbc0,0x0000000085c80000)
 Metaspace       used 44450K, capacity 45106K, committed 45528K, reserved 1089536K
  class space    used 5598K, capacity 5787K, committed 5888K, reserved 1048576K
GC Heap History (10 events):
Event: 3.284 GC heap before
{Heap before GC invocations=5 (full 1):
 PSYoungGen      total 38400K, used 33280K [0x00000000d5e00000, 0x00000000da900000, 0x0000000100000000)
  eden space 33280K, 100% used [0x00000000d5e00000,0x00000000d7e80000,0x00000000d7e80000)
  from space 5120K, 0% used [0x00000000d7e80000,0x00000000d7e80000,0x00000000d8380000)
  to   space 5120K, 0% used [0x00000000da400000,0x00000000da400000,0x00000000da900000)
 ParOldGen       total 68096K, used 9394K [0x0000000081a00000, 0x0000000085c80000, 0x00000000d5e00000)
  object space 68096K, 13% used [0x0000000081a00000,0x000000008232c9b0,0x0000000085c80000)
 Metaspace       used 23899K, capacity 24436K, committed 24832K, reserved 1071104K
  class space    used 2824K, capacity 2963K, committed 3072K, reserved 1048576K
Event: 3.298 GC heap after
Heap after GC invocations=5 (full 1):
 PSYoungGen      total 52736K, used 5115K [0x00000000d5e00000, 0x00000000da900000, 0x0000000100000000)
  eden space 47616K, 0% used [0x00000000d5e00000,0x00000000d5e00000,0x00000000d8c80000)
  from space 5120K, 99% used [0x00000000da400000,0x00000000da8fee90,0x00000000da900000)
  to   space 5120K, 0% used [0x00000000d9f00000,0x00000000d9f00000,0x00000000da400000)
 ParOldGen       total 68096K, used 11298K [0x0000000081a00000, 0x0000000085c80000, 0x00000000d5e00000)
  object space 68096K, 16% used [0x0000000081a00000,0x0000000082508a30,0x0000000085c80000)
 Metaspace       used 23899K, capacity 24436K, committed 24832K, reserved 1071104K
  class space    used 2824K, capacity 2963K, committed 3072K, reserved 1048576K
}
Event: 4.503 GC heap before
{Heap before GC invocations=6 (full 1):
 PSYoungGen      total 52736K, used 52731K [0x00000000d5e00000, 0x00000000da900000, 0x0000000100000000)
  eden space 47616K, 100% used [0x00000000d5e00000,0x00000000d8c80000,0x00000000d8c80000)
  from space 5120K, 99% used [0x00000000da400000,0x00000000da8fee90,0x00000000da900000)
  to   space 5120K, 0% used [0x00000000d9f00000,0x00000000d9f00000,0x00000000da400000)
 ParOldGen       total 68096K, used 11298K [0x0000000081a00000, 0x0000000085c80000, 0x00000000d5e00000)
  object space 68096K, 16% used [0x0000000081a00000,0x0000000082508a30,0x0000000085c80000)
 Metaspace       used 32341K, capacity 32898K, committed 33152K, reserved 1079296K
  class space    used 4047K, capacity 4219K, committed 4224K, reserved 1048576K
Event: 4.525 GC heap after
Heap after GC invocations=6 (full 1):
 PSYoungGen      total 52736K, used 5091K [0x00000000d5e00000, 0x00000000da900000, 0x0000000100000000)
  eden space 47616K, 0% used [0x00000000d5e00000,0x00000000d5e00000,0x00000000d8c80000)
  from space 5120K, 99% used [0x00000000d9f00000,0x00000000da3f8c70,0x00000000da400000)
  to   space 5120K, 0% used [0x00000000da400000,0x00000000da400000,0x00000000da900000)
 ParOldGen       total 68096K, used 23670K [0x0000000081a00000, 0x0000000085c80000, 0x00000000d5e00000)
  object space 68096K, 34% used [0x0000000081a00000,0x000000008311db10,0x0000000085c80000)
 Metaspace       used 32341K, capacity 32898K, committed 33152K, reserved 1079296K
  class space    used 4047K, capacity 4219K, committed 4224K, reserved 1048576K
}
Event: 4.861 GC heap before
{Heap before GC invocations=7 (full 1):
 PSYoungGen      total 52736K, used 18156K [0x00000000d5e00000, 0x00000000da900000, 0x0000000100000000)
  eden space 47616K, 27% used [0x00000000d5e00000,0x00000000d6ac24a0,0x00000000d8c80000)
  from space 5120K, 99% used [0x00000000d9f00000,0x00000000da3f8c70,0x00000000da400000)
  to   space 5120K, 0% used [0x00000000da400000,0x00000000da400000,0x00000000da900000)
 ParOldGen       total 68096K, used 23670K [0x0000000081a00000, 0x0000000085c80000, 0x00000000d5e00000)
  object space 68096K, 34% used [0x0000000081a00000,0x000000008311db10,0x0000000085c80000)
 Metaspace       used 34559K, capacity 35026K, committed 35416K, reserved 1081344K
  class space    used 4343K, capacity 4479K, committed 4480K, reserved 1048576K
Event: 4.874 GC heap after
Heap after GC invocations=7 (full 1):
 PSYoungGen      total 52736K, used 5100K [0x00000000d5e00000, 0x00000000da900000, 0x0000000100000000)
  eden space 47616K, 0% used [0x00000000d5e00000,0x00000000d5e00000,0x00000000d8c80000)
  from space 5120K, 99% used [0x00000000da400000,0x00000000da8fb130,0x00000000da900000)
  to   space 5120K, 0% used [0x00000000d9f00000,0x00000000d9f00000,0x00000000da400000)
 ParOldGen       total 68096K, used 26718K [0x0000000081a00000, 0x0000000085c80000, 0x00000000d5e00000)
  object space 68096K, 39% used [0x0000000081a00000,0x00000000834178c8,0x0000000085c80000)
 Metaspace       used 34559K, capacity 35026K, committed 35416K, reserved 1081344K
  class space    used 4343K, capacity 4479K, committed 4480K, reserved 1048576K
}
Event: 4.874 GC heap before
{Heap before GC invocations=8 (full 2):
 PSYoungGen      total 52736K, used 5100K [0x00000000d5e00000, 0x00000000da900000, 0x0000000100000000)
  eden space 47616K, 0% used [0x00000000d5e00000,0x00000000d5e00000,0x00000000d8c80000)
  from space 5120K, 99% used [0x00000000da400000,0x00000000da8fb130,0x00000000da900000)
  to   space 5120K, 0% used [0x00000000d9f00000,0x00000000d9f00000,0x00000000da400000)
 ParOldGen       total 68096K, used 26718K [0x0000000081a00000, 0x0000000085c80000, 0x00000000d5e00000)
  object space 68096K, 39% used [0x0000000081a00000,0x00000000834178c8,0x0000000085c80000)
 Metaspace       used 34559K, capacity 35026K, committed 35416K, reserved 1081344K
  class space    used 4343K, capacity 4479K, committed 4480K, reserved 1048576K
Event: 4.993 GC heap after
Heap after GC invocations=8 (full 2):
 PSYoungGen      total 52736K, used 0K [0x00000000d5e00000, 0x00000000da900000, 0x0000000100000000)
  eden space 47616K, 0% used [0x00000000d5e00000,0x00000000d5e00000,0x00000000d8c80000)
  from space 5120K, 0% used [0x00000000da400000,0x00000000da400000,0x00000000da900000)
  to   space 5120K, 0% used [0x00000000d9f00000,0x00000000d9f00000,0x00000000da400000)
 ParOldGen       total 68096K, used 17388K [0x0000000081a00000, 0x0000000085c80000, 0x00000000d5e00000)
  object space 68096K, 25% used [0x0000000081a00000,0x0000000082afb180,0x0000000085c80000)
 Metaspace       used 34559K, capacity 35026K, committed 35416K, reserved 1081344K
  class space    used 4343K, capacity 4479K, committed 4480K, reserved 1048576K
}
Event: 6.581 GC heap before
{Heap before GC invocations=9 (full 2):
 PSYoungGen      total 52736K, used 47616K [0x00000000d5e00000, 0x00000000da900000, 0x0000000100000000)
  eden space 47616K, 100% used [0x00000000d5e00000,0x00000000d8c80000,0x00000000d8c80000)
  from space 5120K, 0% used [0x00000000da400000,0x00000000da400000,0x00000000da900000)
  to   space 5120K, 0% used [0x00000000d9f00000,0x00000000d9f00000,0x00000000da400000)
 ParOldGen       total 68096K, used 17388K [0x0000000081a00000, 0x0000000085c80000, 0x00000000d5e00000)
  object space 68096K, 25% used [0x0000000081a00000,0x0000000082afb180,0x0000000085c80000)
 Metaspace       used 41853K, capacity 42500K, committed 42840K, reserved 1087488K
  class space    used 5281K, capacity 5478K, committed 5504K, reserved 1048576K
Event: 6.598 GC heap after
Heap after GC invocations=9 (full 2):
 PSYoungGen      total 69632K, used 5107K [0x00000000d5e00000, 0x00000000dbe00000, 0x0000000100000000)
  eden space 64512K, 0% used [0x00000000d5e00000,0x00000000d5e00000,0x00000000d9d00000)
  from space 5120K, 99% used [0x00000000d9f00000,0x00000000da3fcff0,0x00000000da400000)
  to   space 16896K, 0% used [0x00000000dad80000,0x00000000dad80000,0x00000000dbe00000)
 ParOldGen       total 68096K, used 24822K [0x0000000081a00000, 0x0000000085c80000, 0x00000000d5e00000)
  object space 68096K, 36% used [0x0000000081a00000,0x000000008323dbc0,0x0000000085c80000)
 Metaspace       used 41853K, capacity 42500K, committed 42840K, reserved 1087488K
  class space    used 5281K, capacity 5478K, committed 5504K, reserved 1048576K
}

