# JRE version: OpenJDK Runtime Environment (8.0_242-b01) (build 1.8.0_242-release-1644-b01)
# Java VM: OpenJDK 64-Bit Server VM (25.242-b01 mixed mode windows-amd64 compressed oops)
Heap:
 PSYoungGen      total 625152K, used 233867K [0x00000000d5580000, 0x0000000100000000, 0x0000000100000000)
  eden space 584192K, 33% used [0x00000000d5580000,0x00000000e125e608,0x00000000f9000000)
  from space 40960K, 98% used [0x00000000f9000000,0x00000000fb784980,0x00000000fb800000)
  to   space 59904K, 0% used [0x00000000fc580000,0x00000000fc580000,0x0000000100000000)
 ParOldGen       total 215552K, used 111985K [0x0000000080000000, 0x000000008d280000, 0x00000000d5580000)
  object space 215552K, 51% used [0x0000000080000000,0x0000000086d5c7a8,0x000000008d280000)
 Metaspace       used 166926K, capacity 175002K, committed 175128K, reserved 1202176K
  class space    used 21492K, capacity 23052K, committed 23072K, reserved 1048576K
GC Heap History (10 events):
Event: 736.428 GC heap before
{Heap before GC invocations=30 (full 4):
 PSYoungGen      total 651776K, used 651432K [0x00000000d5580000, 0x0000000100000000, 0x0000000100000000)
  eden space 611840K, 100% used [0x00000000d5580000,0x00000000fab00000,0x00000000fab00000)
  from space 39936K, 99% used [0x00000000fab00000,0x00000000fd1aa188,0x00000000fd200000)
  to   space 47104K, 0% used [0x00000000fd200000,0x00000000fd200000,0x0000000100000000)
 ParOldGen       total 143360K, used 109762K [0x0000000080000000, 0x0000000088c00000, 0x00000000d5580000)
  object space 143360K, 76% used [0x0000000080000000,0x0000000086b30968,0x0000000088c00000)
 Metaspace       used 128620K, capacity 134554K, committed 134808K, reserved 1167360K
  class space    used 16421K, capacity 17467K, committed 17568K, reserved 1048576K
Event: 736.449 GC heap after
Heap after GC invocations=30 (full 4):
 PSYoungGen      total 652288K, used 13248K [0x00000000d5580000, 0x0000000100000000, 0x0000000100000000)
  eden space 605184K, 0% used [0x00000000d5580000,0x00000000d5580000,0x00000000fa480000)
  from space 47104K, 28% used [0x00000000fd200000,0x00000000fdef0000,0x0000000100000000)
  to   space 46592K, 0% used [0x00000000fa480000,0x00000000fa480000,0x00000000fd200000)
 ParOldGen       total 143360K, used 113561K [0x0000000080000000, 0x0000000088c00000, 0x00000000d5580000)
  object space 143360K, 79% used [0x0000000080000000,0x0000000086ee6790,0x0000000088c00000)
 Metaspace       used 128620K, capacity 134554K, committed 134808K, reserved 1167360K
  class space    used 16421K, capacity 17467K, committed 17568K, reserved 1048576K
}
Event: 755.216 GC heap before
{Heap before GC invocations=31 (full 4):
 PSYoungGen      total 652288K, used 618432K [0x00000000d5580000, 0x0000000100000000, 0x0000000100000000)
  eden space 605184K, 100% used [0x00000000d5580000,0x00000000fa480000,0x00000000fa480000)
  from space 47104K, 28% used [0x00000000fd200000,0x00000000fdef0000,0x0000000100000000)
  to   space 46592K, 0% used [0x00000000fa480000,0x00000000fa480000,0x00000000fd200000)
 ParOldGen       total 143360K, used 113561K [0x0000000080000000, 0x0000000088c00000, 0x00000000d5580000)
  object space 143360K, 79% used [0x0000000080000000,0x0000000086ee6790,0x0000000088c00000)
 Metaspace       used 149189K, capacity 155808K, committed 156184K, reserved 1185792K
  class space    used 19197K, capacity 20388K, committed 20512K, reserved 1048576K
Event: 755.320 GC heap after
Heap after GC invocations=31 (full 4):
 PSYoungGen      total 651776K, used 46589K [0x00000000d5580000, 0x0000000100000000, 0x0000000100000000)
  eden space 605184K, 0% used [0x00000000d5580000,0x00000000d5580000,0x00000000fa480000)
  from space 46592K, 99% used [0x00000000fa480000,0x00000000fd1ff440,0x00000000fd200000)
  to   space 47104K, 0% used [0x00000000fd200000,0x00000000fd200000,0x0000000100000000)
 ParOldGen       total 143360K, used 121708K [0x0000000080000000, 0x0000000088c00000, 0x00000000d5580000)
  object space 143360K, 84% used [0x0000000080000000,0x00000000876db0f8,0x0000000088c00000)
 Metaspace       used 149189K, capacity 155808K, committed 156184K, reserved 1185792K
  class space    used 19197K, capacity 20388K, committed 20512K, reserved 1048576K
}
Event: 894.411 GC heap before
{Heap before GC invocations=32 (full 4):
 PSYoungGen      total 651776K, used 575784K [0x00000000d5580000, 0x0000000100000000, 0x0000000100000000)
  eden space 605184K, 87% used [0x00000000d5580000,0x00000000f5a4ada0,0x00000000fa480000)
  from space 46592K, 99% used [0x00000000fa480000,0x00000000fd1ff440,0x00000000fd200000)
  to   space 47104K, 0% used [0x00000000fd200000,0x00000000fd200000,0x0000000100000000)
 ParOldGen       total 143360K, used 121708K [0x0000000080000000, 0x0000000088c00000, 0x00000000d5580000)
  object space 143360K, 84% used [0x0000000080000000,0x00000000876db0f8,0x0000000088c00000)
 Metaspace       used 157737K, capacity 164882K, committed 164888K, reserved 1191936K
  class space    used 20192K, capacity 21531K, committed 21536K, reserved 1048576K
Event: 894.489 GC heap after
Heap after GC invocations=32 (full 4):
 PSYoungGen      total 631296K, used 32336K [0x00000000d5580000, 0x0000000100000000, 0x0000000100000000)
  eden space 584192K, 0% used [0x00000000d5580000,0x00000000d5580000,0x00000000f9000000)
  from space 47104K, 68% used [0x00000000fd200000,0x00000000ff194388,0x0000000100000000)
  to   space 57344K, 0% used [0x00000000f9000000,0x00000000f9000000,0x00000000fc800000)
 ParOldGen       total 143360K, used 126571K [0x0000000080000000, 0x0000000088c00000, 0x00000000d5580000)
  object space 143360K, 88% used [0x0000000080000000,0x0000000087b9ac90,0x0000000088c00000)
 Metaspace       used 157737K, capacity 164882K, committed 164888K, reserved 1191936K
  class space    used 20192K, capacity 21531K, committed 21536K, reserved 1048576K
}
Event: 894.489 GC heap before
{Heap before GC invocations=33 (full 5):
 PSYoungGen      total 631296K, used 32336K [0x00000000d5580000, 0x0000000100000000, 0x0000000100000000)
  eden space 584192K, 0% used [0x00000000d5580000,0x00000000d5580000,0x00000000f9000000)
  from space 47104K, 68% used [0x00000000fd200000,0x00000000ff194388,0x0000000100000000)
  to   space 57344K, 0% used [0x00000000f9000000,0x00000000f9000000,0x00000000fc800000)
 ParOldGen       total 143360K, used 126571K [0x0000000080000000, 0x0000000088c00000, 0x00000000d5580000)
  object space 143360K, 88% used [0x0000000080000000,0x0000000087b9ac90,0x0000000088c00000)
 Metaspace       used 157737K, capacity 164882K, committed 164888K, reserved 1191936K
  class space    used 20192K, capacity 21531K, committed 21536K, reserved 1048576K
Event: 895.240 GC heap after
Heap after GC invocations=33 (full 5):
 PSYoungGen      total 631296K, used 0K [0x00000000d5580000, 0x0000000100000000, 0x0000000100000000)
  eden space 584192K, 0% used [0x00000000d5580000,0x00000000d5580000,0x00000000f9000000)
  from space 47104K, 0% used [0x00000000fd200000,0x00000000fd200000,0x0000000100000000)
  to   space 57344K, 0% used [0x00000000f9000000,0x00000000f9000000,0x00000000fc800000)
 ParOldGen       total 215552K, used 111977K [0x0000000080000000, 0x000000008d280000, 0x00000000d5580000)
  object space 215552K, 51% used [0x0000000080000000,0x0000000086d5a7a8,0x000000008d280000)
 Metaspace       used 157592K, capacity 164528K, committed 164888K, reserved 1191936K
  class space    used 20154K, capacity 21456K, committed 21536K, reserved 1048576K
}
Event: 901.742 GC heap before
{Heap before GC invocations=34 (full 5):
 PSYoungGen      total 631296K, used 584192K [0x00000000d5580000, 0x0000000100000000, 0x0000000100000000)
  eden space 584192K, 100% used [0x00000000d5580000,0x00000000f9000000,0x00000000f9000000)
  from space 47104K, 0% used [0x00000000fd200000,0x00000000fd200000,0x0000000100000000)
  to   space 57344K, 0% used [0x00000000f9000000,0x00000000f9000000,0x00000000fc800000)
 ParOldGen       total 215552K, used 111977K [0x0000000080000000, 0x000000008d280000, 0x00000000d5580000)
  object space 215552K, 51% used [0x0000000080000000,0x0000000086d5a7a8,0x000000008d280000)
 Metaspace       used 162877K, capacity 170468K, committed 170648K, reserved 1198080K
  class space    used 20949K, capacity 22342K, committed 22432K, reserved 1048576K
Event: 901.791 GC heap after
Heap after GC invocations=34 (full 5):
 PSYoungGen      total 625152K, used 40466K [0x00000000d5580000, 0x0000000100000000, 0x0000000100000000)
  eden space 584192K, 0% used [0x00000000d5580000,0x00000000d5580000,0x00000000f9000000)
  from space 40960K, 98% used [0x00000000f9000000,0x00000000fb784980,0x00000000fb800000)
  to   space 59904K, 0% used [0x00000000fc580000,0x00000000fc580000,0x0000000100000000)
 ParOldGen       total 215552K, used 111985K [0x0000000080000000, 0x000000008d280000, 0x00000000d5580000)
  object space 215552K, 51% used [0x0000000080000000,0x0000000086d5c7a8,0x000000008d280000)
 Metaspace       used 162877K, capacity 170468K, committed 170648K, reserved 1198080K
  class space    used 20949K, capacity 22342K, committed 22432K, reserved 1048576K
}

